aaabv
abi1grp
abi1trn
abi2grp
abi4grp
abi5grp
abi8grp
abi9grp
abigrp
abitsgrp
ace1grp
ace5grp
ace9grp
acegrp
acx1grp
acx9grp
acx9stor
acx_devl
add1grp
add8grp
add9grp
ads_devl
ADS_SALE
agt1grp
alb5grp
alb9grp
ampdvgrp
ampmsgrp
ampqagrp
AMT_USERS
ari9grp
asr_adm
asy1grp
asy5grp
asy6grp
asy9grp
asy_adm
aws9grp
axadmgrp
bbr9grp
bil1grp
bil5grp
bil7grp
bil9grp
billgrp
bri1grp
bri5grp
bri9grp
ccadm
ccase
ccasemdl
ccfico
ccs1grp1
ccs5grp1
ccv9_hve
cdb1grp1
cdb1grp2
cdb5grp2
cdb9grp1
cdb9grp2
CDCPSU01
cdm1grp
cdp1grp
cdp1tsgp
cdu1grp
cdu5grp
cdu6grp
cdu9grp
cfm1grp
cfm3grp
cfm7grp
cfm9grp
cgn1grp
cgn9grp
cip1grp
cip8grp
cme1grp
cme5grp
cme9grp
cms1grp1
cms5grp1
cor1grp
cor1grp_a
cor1grp_s
cor3grp
cor3grp_a
cor3grp_s
cor5grp
cor5grp_a
cor5grp_s
cor6grp
cor6grp_a
cor6grp_s
cor9grp
cor9grp_a
cor9grp_s
CPCPSU01
cpe1grp
cpe5grp
cpe9grp
cpe9tsgp
cps1grp
cps1_hve
cps2grp
cps2_hve
cps4grp
cps4_hve
cps5grp
cps5grp1
cps5_hve
cps7grp
cps7_hve
cps8grp
cps8_hve
cps9grp
cps9_hve
cps_devl
cpsdvgrp
cpshvgrp
cps_mdlbldr
cpsqagrp
cps_rpm
cps_supp
cpstsgrp
cr31grp
cr33grp
cr37grp
cr39grp
crs1grp
crs1grpm
crs2grp
crs5grp
crs5grpm
crs9grp
crs9grpm
crs_dev1
crs_devl
crs_test
cscgrp
cta1grp
cta5grp
cta9grp
ctcdbu01
CTCPSU01
cyc5grp
cyc9grp
dat1grp
dat1grp1
dat2grp
dat2grp1
dat5grp
dat5grp1
dat5grp2
dat6grp
dat6grp1
dat9grp
dat9grp1
dat9grp2
dat9grp3
dat9grp4
dat9grp5
dat9grp6
dat9grp9
dat_devl
db29grp1
db29grp2
db2_adm
db2_adm1
db2_adm2
db2asgrp
db2conng
db2p10g
db2pa0fg
db2pa0g
db2pi0g
db2pw0g
db2px0fg
db2px0g
db2qa0fg
db2qa0g
db2qf0fg
db2qf0g
db2qw0g
db2t30g
db2t50g
db2t70fg
db2t70g
db2ta0fg
db2ta0g
db2tb0g
db2te0fg
db2te0g
db2tf0fg
db2tf0g
db2tf42g
db2ti0g
db2tj0g
db2tp0fg
db2tp0g
db2tu0fg
db2tu0g
db2tw0g
db2tx0fg
db2tx0g
dbasugrp
deg9grp
dmc1grp
dpv1grp
dpv5grp
dpv8grp
dpv9grp
dsk1grp
dsk5grp
dsk9grp
dss1grp
dti1grp
dti5grp
dti9grp
dwr1grp
dwr9grp
dwr9grp_u
dwr_devl
edh1grp
edh5grp
edh8grp
edh9grp
fbm1grp
frd1grp
frd5grp
frd9grp
frdgrp
fre1grp
fre5grp
fre9grp
G2Q1CREDT
G2Q7CREDT
G2Q9CREDT
g2r1grp
g2s1grp
g2s1grp1
g2s1grp2
g2s1sgr2
g2s3grp
g2s3grp1
g2s5grp
g2s5grp1
g2s5grp2
g2s5grp3
g2s5grp4
g2s5sgr2
g2s6grp
g2s6grp1
g2s9grp
g2s9grp1
g2s9grp3
g2s9grp4
g2s9sgr1
g2s9sgr3
g2s9sgr4
g2s_devl
g2s_devp
g2s_test
g2w9grp
gss1grp
gsstsgrp
gwy1grp
hrv1grp
hrv5grp
hve1grp
hve2grp
hve4grp
hve5grp
hve7grp
hve8grp
hve9grp
iba1grp
iba1grpm
iba5grp
iba5grpm
iba9grp
iba9grpm
iba_devl
ibagrp
ilnx_adm
ind1grp
ind1grp_c
ind5grp
ind_cmds
inf9grp
inl1grp
inl5grp
inl9grp
inl_devl
ins1grp
ins9grp
intsugrp
intsys
ioc9grp
ips1grp
ips5grp
ips_db2
ips_dev1
ips_dev5
ips_supp
iusers
kod1grp
lnx_adm
lnx_oper
lnx_sec
mex1grp
mex5grp
mex5grp2
mia1grp
mms1grp1
mms5grp1
mqm_adm
mqm_test
msp1grp
msp8grp
msp9grp
mspqagrp
msptsgrp
MSV_USERS
mysql
ndm1grp
ndm5grp
ndm9grp
ndmsugrp
nmsgrp
nsm5grp
nsm9grp
nsm_admin
nsm_exec
nsm_mgr
nsm_ops
oaf1grp
oaf5grp
oaf9grp
oda1grp
oda5grp
oda9grp
odb_adm
omsgrp
ors1grp1
ors5grp1
ors9grp1
ors9grp2
ort6grp
pcs1grp1
pcs5grp1
pegagrp
pfs1grp
pfs9grp
phx1grp
phx5grp
phx5grp1
phx7grp
phx9grp
phx9grp1
poc1grp
pocgrp
psa5grp
psa_users
psb5grp
psb9grp
psh1grp
psh9grp
ptp9grp
qps9grp
rcq9grp1
rcq9grp2
rcqsugrp
ros1grp
ros1grp_c
ros5grp
rqp1grp
rqp5grp
rqp9grp
rwp1grp
rwp5grp
rwp9grp
sac1grp
sacgrp
sav1grp
sav5grp
sav9grp
sec_processid
ssa5grp
ssh9grp
ssi1grp
ssi1grpm
ssi5abig
ssi5admg
ssi5grp
ssi5grpm
ssi9admg
ssi9grp
ssi9grpm
ssi9rco
ssi_devl
ssigrp
svl1grp
svl1grp1
svl5grp
svl5grp1
svl9grp
svl9grp1
sybadm
sys
tad1grp
tad5grp
tad9grp
tad_devl
taf1grp
taf5grp
taf9grp
tax1grp
tax1grp1
tax9grp
tax9grp1
tna9grp
tna_users
trb6grp
trg1grp
trg1tsgp
trg5grp
trg5tsgp
trg9grp
trg9tsgp
trp9grp
tru6grp
tsc7grp
tsc9grp
tsg1grp
tsg4grp
tsg8grp
tsg9grp
tsg9pmgp
tsm1grp
tsm9grp
ttsysu01
tuc1grp1
tuh1grp1
tuh5grp1
uqtmqgrp
usd1grp
usd5grp
usd9grp
USERS
vis1grp
vis1grp1
vis5grp1
vis9grp
vis9grp1
was_devl
web1grp
web1grp1
web5grp
web5grp1
web9grp
zxymqgrp
